<?xml version="1.0" encoding="UTF-8"?>
<!-- Generated by org.testng.reporters.JUnitXMLReporter -->
<testsuite ignored="0" hostname="DESKTOP-IBURG8I" failures="0" tests="10" name="Surefire test" time="1167.356" errors="0" timestamp="13 Aug 2019 09:43:33 GMT">
  <testcase classname="core.tests.Scenarios" name="TC01_verifySwitchingToQA" time="30.551"/>
  <testcase classname="core.tests.Scenarios" name="TC02_verifyLoginError" time="45.549"/>
  <testcase classname="core.tests.Scenarios" name="TC03_verifyingSuccessfulLogin" time="63.139"/>
  <testcase classname="core.tests.Scenarios" name="TC04_verifyStatusScreenContents" time="59.42"/>
  <testcase classname="core.tests.Scenarios" name="TC05_verifyingGraphInteractionInEnergy" time="96.288"/>
  <testcase classname="core.tests.Scenarios" name="TC06_verifyingDifferntTimeFiltersInEnergyScreen" time="81.895"/>
  <testcase classname="core.tests.Scenarios" name="TC07_verifyingSolarEnergyProducedUI" time="69.047"/>
  <testcase classname="core.tests.Scenarios" name="TC08_verifyingMenuPage" time="60.489"/>
  <testcase classname="core.tests.Scenarios" name="TC09_verifySiteDetailsSection" time="86.446"/>
  <testcase classname="core.tests.Scenarios" name="TC10_verifyingReportSending" time="72.778"/>
</testsuite> <!-- Surefire test -->
