<?xml version="1.0" encoding="UTF-8"?>
<testsuite xmlns:xsi="http://www.w3.org/2001/XMLSchema-instance" xsi:schemaLocation="https://maven.apache.org/surefire/maven-surefire-plugin/xsd/surefire-test-report.xsd" name="core.tests.Scenarios" time="1,168.892" tests="10" errors="0" skipped="0" failures="0">
  <properties>
[...]
</properties>
  <testcase name="TC01_verifySwitchingToQA" classname="core.tests.Scenarios" time="30.544"/>
  <testcase name="TC02_verifyLoginError" classname="core.tests.Scenarios" time="41.975"/>
  <testcase name="TC03_verifyingSuccessfulLogin" classname="core.tests.Scenarios" time="63.102"/>
  <testcase name="TC04_verifyStatusScreenContents" classname="core.tests.Scenarios" time="59.398"/>
  <testcase name="TC05_verifyingGraphInteractionInEnergy" classname="core.tests.Scenarios" time="96.285"/>
  <testcase name="TC06_verifyingDifferntTimeFiltersInEnergyScreen" classname="core.tests.Scenarios" time="81.88"/>
  <testcase name="TC07_verifyingSolarEnergyProducedUI" classname="core.tests.Scenarios" time="69.013"/>
  <testcase name="TC08_verifyingMenuPage" classname="core.tests.Scenarios" time="60.462"/>
  <testcase name="TC09_verifySiteDetailsSection" classname="core.tests.Scenarios" time="86.424"/>
  <testcase name="TC10_verifyingReportSending" classname="core.tests.Scenarios" time="72.737"/>
</testsuite>